[debug] [2023-12-02T06:54:50.981Z] ----------------------------------------------------------------------
[debug] [2023-12-02T06:54:50.992Z] Command:       C:\Program Files\nodejs\node.exe C:\Users\hanuman\AppData\Roaming\npm\node_modules\firebase-tools\lib\bin\firebase.js deploy
[debug] [2023-12-02T06:54:50.994Z] CLI Version:   12.9.1
[debug] [2023-12-02T06:54:50.996Z] Platform:      win32
[debug] [2023-12-02T06:54:50.997Z] Node Version:  v18.16.0
[debug] [2023-12-02T06:54:51.011Z] Time:          Sat Dec 02 2023 12:24:50 GMT+0530 (India Standard Time)
[debug] [2023-12-02T06:54:51.012Z] ----------------------------------------------------------------------
[debug] 
[debug] [2023-12-02T06:54:51.604Z] > command requires scopes: ["email","openid","https://www.googleapis.com/auth/cloudplatformprojects.readonly","https://www.googleapis.com/auth/firebase","https://www.googleapis.com/auth/cloud-platform"]
[debug] [2023-12-02T06:54:51.608Z] > authorizing via signed-in user (careersureacademypayments@gmail.com)
[debug] [2023-12-02T06:54:51.609Z] [iam] checking project careersureacademy for permissions ["firebase.projects.get","firebasehosting.sites.update"]
[debug] [2023-12-02T06:54:51.626Z] >>> [apiv2][query] POST https://cloudresourcemanager.googleapis.com/v1/projects/careersureacademy:testIamPermissions [none]
[debug] [2023-12-02T06:54:51.628Z] >>> [apiv2][(partial)header] POST https://cloudresourcemanager.googleapis.com/v1/projects/careersureacademy:testIamPermissions x-goog-quota-user=projects/careersureacademy
[debug] [2023-12-02T06:54:51.630Z] >>> [apiv2][body] POST https://cloudresourcemanager.googleapis.com/v1/projects/careersureacademy:testIamPermissions {"permissions":["firebase.projects.get","firebasehosting.sites.update"]}
[debug] [2023-12-02T06:54:53.665Z] <<< [apiv2][status] POST https://cloudresourcemanager.googleapis.com/v1/projects/careersureacademy:testIamPermissions 200
[debug] [2023-12-02T06:54:53.667Z] <<< [apiv2][body] POST https://cloudresourcemanager.googleapis.com/v1/projects/careersureacademy:testIamPermissions {"permissions":["firebase.projects.get","firebasehosting.sites.update"]}
[debug] [2023-12-02T06:54:53.683Z] >>> [apiv2][query] GET https://firebase.googleapis.com/v1beta1/projects/careersureacademy [none]
[debug] [2023-12-02T06:54:54.508Z] <<< [apiv2][status] GET https://firebase.googleapis.com/v1beta1/projects/careersureacademy 200
[debug] [2023-12-02T06:54:54.509Z] <<< [apiv2][body] GET https://firebase.googleapis.com/v1beta1/projects/careersureacademy {"projectId":"careersureacademy","projectNumber":"599913053555","displayName":"Careersureacademy","name":"projects/careersureacademy","resources":{"hostingSite":"careersureacademy"},"state":"ACTIVE","etag":"1_dffd9e53-a433-4562-8242-c21360c63c96"}
[info] 
[info] === Deploying to 'careersureacademy'...
[info] 
[info] i  deploying hosting 
[debug] [2023-12-02T06:54:54.545Z] >>> [apiv2][query] POST https://firebasehosting.googleapis.com/v1beta1/projects/-/sites/careersureacademy/versions [none]
[debug] [2023-12-02T06:54:54.546Z] >>> [apiv2][body] POST https://firebasehosting.googleapis.com/v1beta1/projects/-/sites/careersureacademy/versions {"status":"CREATED","labels":{"deployment-tool":"cli-firebase"}}
[debug] [2023-12-02T06:54:55.945Z] <<< [apiv2][status] POST https://firebasehosting.googleapis.com/v1beta1/projects/-/sites/careersureacademy/versions 200
[debug] [2023-12-02T06:54:55.946Z] <<< [apiv2][body] POST https://firebasehosting.googleapis.com/v1beta1/projects/-/sites/careersureacademy/versions {"name":"projects/599913053555/sites/careersureacademy/versions/9d8c3947781b62b6","status":"CREATED","config":{},"labels":{"deployment-tool":"cli-firebase"}}
[info] i  hosting[careersureacademy]: beginning deploy... 
[info] i  hosting[careersureacademy]: found 7 files in public 
[debug] [2023-12-02T06:54:56.018Z] [hosting] uploading with 200 concurrency
[debug] [2023-12-02T06:54:56.035Z] [hosting] hash cache [cHVibGlj] not populated
[debug] [2023-12-02T06:54:56.141Z] [hosting] hash cache [cHVibGlj] stored for 7 files
[debug] [2023-12-02T06:54:56.142Z] [hosting][hash queue][FINAL] {"max":74,"min":45,"avg":59.42857142857143,"active":0,"complete":7,"success":7,"errored":0,"retried":0,"total":7,"elapsed":96}
[debug] [2023-12-02T06:54:56.144Z] >>> [apiv2][query] POST https://firebasehosting.googleapis.com/v1beta1/projects/599913053555/sites/careersureacademy/versions/9d8c3947781b62b6:populateFiles [none]
[debug] [2023-12-02T06:54:56.145Z] >>> [apiv2][body] POST https://firebasehosting.googleapis.com/v1beta1/projects/599913053555/sites/careersureacademy/versions/9d8c3947781b62b6:populateFiles {"files":{"/404.html":"daa499dd96d8229e73235345702ba32f0793f0c8e5c0d30e40e37a5872be57aa","/favicon.ico":"eae62e993eb980ec8a25058c39d5a51feab118bd2100c4deebb2a9c158ec11f9","/index.html":"820c850791eeaef190f4564272c4cbe718a2f8ead4973eeacc12aa8473f3b4c5","/logo192.png":"3ee59515172ee198f3be375979df15ac5345183e656720a381b8872b2a39dc8b","/logo512.png":"ee7e2f3fdb8209c4b6fd7bef6ba50d1b9dba30a25bb5c3126df057e1cb6f5331","/manifest.json":"aff3449bdc238776f5d6d967f19ec491b36aed5fb7f23ccff6500736fd58494a","/robots.txt":"bfe106a3fb878dc83461c86818bf74fc1bdc7f28538ba613cd3e775516ce8b49"}}
[debug] [2023-12-02T06:54:57.539Z] <<< [apiv2][status] POST https://firebasehosting.googleapis.com/v1beta1/projects/599913053555/sites/careersureacademy/versions/9d8c3947781b62b6:populateFiles 200
[debug] [2023-12-02T06:54:57.542Z] <<< [apiv2][body] POST https://firebasehosting.googleapis.com/v1beta1/projects/599913053555/sites/careersureacademy/versions/9d8c3947781b62b6:populateFiles {"uploadRequiredHashes":["bfe106a3fb878dc83461c86818bf74fc1bdc7f28538ba613cd3e775516ce8b49","eae62e993eb980ec8a25058c39d5a51feab118bd2100c4deebb2a9c158ec11f9","820c850791eeaef190f4564272c4cbe718a2f8ead4973eeacc12aa8473f3b4c5","3ee59515172ee198f3be375979df15ac5345183e656720a381b8872b2a39dc8b","ee7e2f3fdb8209c4b6fd7bef6ba50d1b9dba30a25bb5c3126df057e1cb6f5331","aff3449bdc238776f5d6d967f19ec491b36aed5fb7f23ccff6500736fd58494a"],"uploadUrl":"https://upload-firebasehosting.googleapis.com/upload/sites/careersureacademy/versions/9d8c3947781b62b6/files"}
[debug] [2023-12-02T06:54:57.578Z] >>> [apiv2][query] POST https://upload-firebasehosting.googleapis.com/upload/sites/careersureacademy/versions/9d8c3947781b62b6/files/bfe106a3fb878dc83461c86818bf74fc1bdc7f28538ba613cd3e775516ce8b49 [none]
[debug] [2023-12-02T06:54:57.580Z] >>> [apiv2][body] POST https://upload-firebasehosting.googleapis.com/upload/sites/careersureacademy/versions/9d8c3947781b62b6/files/bfe106a3fb878dc83461c86818bf74fc1bdc7f28538ba613cd3e775516ce8b49 [stream]
[debug] [2023-12-02T06:54:57.602Z] >>> [apiv2][query] POST https://upload-firebasehosting.googleapis.com/upload/sites/careersureacademy/versions/9d8c3947781b62b6/files/eae62e993eb980ec8a25058c39d5a51feab118bd2100c4deebb2a9c158ec11f9 [none]
[debug] [2023-12-02T06:54:57.607Z] >>> [apiv2][body] POST https://upload-firebasehosting.googleapis.com/upload/sites/careersureacademy/versions/9d8c3947781b62b6/files/eae62e993eb980ec8a25058c39d5a51feab118bd2100c4deebb2a9c158ec11f9 [stream]
[debug] [2023-12-02T06:54:57.653Z] >>> [apiv2][query] POST https://upload-firebasehosting.googleapis.com/upload/sites/careersureacademy/versions/9d8c3947781b62b6/files/820c850791eeaef190f4564272c4cbe718a2f8ead4973eeacc12aa8473f3b4c5 [none]
[debug] [2023-12-02T06:54:57.654Z] >>> [apiv2][body] POST https://upload-firebasehosting.googleapis.com/upload/sites/careersureacademy/versions/9d8c3947781b62b6/files/820c850791eeaef190f4564272c4cbe718a2f8ead4973eeacc12aa8473f3b4c5 [stream]
[debug] [2023-12-02T06:54:57.667Z] >>> [apiv2][query] POST https://upload-firebasehosting.googleapis.com/upload/sites/careersureacademy/versions/9d8c3947781b62b6/files/3ee59515172ee198f3be375979df15ac5345183e656720a381b8872b2a39dc8b [none]
[debug] [2023-12-02T06:54:57.668Z] >>> [apiv2][body] POST https://upload-firebasehosting.googleapis.com/upload/sites/careersureacademy/versions/9d8c3947781b62b6/files/3ee59515172ee198f3be375979df15ac5345183e656720a381b8872b2a39dc8b [stream]
[debug] [2023-12-02T06:54:57.680Z] >>> [apiv2][query] POST https://upload-firebasehosting.googleapis.com/upload/sites/careersureacademy/versions/9d8c3947781b62b6/files/ee7e2f3fdb8209c4b6fd7bef6ba50d1b9dba30a25bb5c3126df057e1cb6f5331 [none]
[debug] [2023-12-02T06:54:57.682Z] >>> [apiv2][body] POST https://upload-firebasehosting.googleapis.com/upload/sites/careersureacademy/versions/9d8c3947781b62b6/files/ee7e2f3fdb8209c4b6fd7bef6ba50d1b9dba30a25bb5c3126df057e1cb6f5331 [stream]
[debug] [2023-12-02T06:54:57.710Z] >>> [apiv2][query] POST https://upload-firebasehosting.googleapis.com/upload/sites/careersureacademy/versions/9d8c3947781b62b6/files/aff3449bdc238776f5d6d967f19ec491b36aed5fb7f23ccff6500736fd58494a [none]
[debug] [2023-12-02T06:54:57.716Z] >>> [apiv2][body] POST https://upload-firebasehosting.googleapis.com/upload/sites/careersureacademy/versions/9d8c3947781b62b6/files/aff3449bdc238776f5d6d967f19ec491b36aed5fb7f23ccff6500736fd58494a [stream]
[debug] [2023-12-02T06:54:57.745Z] [hosting][populate queue][FINAL] {"max":1435,"min":1435,"avg":1435,"active":0,"complete":1,"success":1,"errored":0,"retried":0,"total":1,"elapsed":1611}
[debug] [2023-12-02T06:54:57.746Z] [hosting] uploads queued: 6
[debug] [2023-12-02T06:54:59.327Z] <<< [apiv2][status] POST https://upload-firebasehosting.googleapis.com/upload/sites/careersureacademy/versions/9d8c3947781b62b6/files/eae62e993eb980ec8a25058c39d5a51feab118bd2100c4deebb2a9c158ec11f9 200
[debug] [2023-12-02T06:54:59.328Z] <<< [apiv2][body] POST https://upload-firebasehosting.googleapis.com/upload/sites/careersureacademy/versions/9d8c3947781b62b6/files/eae62e993eb980ec8a25058c39d5a51feab118bd2100c4deebb2a9c158ec11f9 [stream]
[debug] [2023-12-02T06:54:59.405Z] <<< [apiv2][status] POST https://upload-firebasehosting.googleapis.com/upload/sites/careersureacademy/versions/9d8c3947781b62b6/files/bfe106a3fb878dc83461c86818bf74fc1bdc7f28538ba613cd3e775516ce8b49 200
[debug] [2023-12-02T06:54:59.405Z] <<< [apiv2][body] POST https://upload-firebasehosting.googleapis.com/upload/sites/careersureacademy/versions/9d8c3947781b62b6/files/bfe106a3fb878dc83461c86818bf74fc1bdc7f28538ba613cd3e775516ce8b49 [stream]
[debug] [2023-12-02T06:54:59.410Z] <<< [apiv2][status] POST https://upload-firebasehosting.googleapis.com/upload/sites/careersureacademy/versions/9d8c3947781b62b6/files/3ee59515172ee198f3be375979df15ac5345183e656720a381b8872b2a39dc8b 200
[debug] [2023-12-02T06:54:59.410Z] <<< [apiv2][body] POST https://upload-firebasehosting.googleapis.com/upload/sites/careersureacademy/versions/9d8c3947781b62b6/files/3ee59515172ee198f3be375979df15ac5345183e656720a381b8872b2a39dc8b [stream]
[debug] [2023-12-02T06:54:59.477Z] <<< [apiv2][status] POST https://upload-firebasehosting.googleapis.com/upload/sites/careersureacademy/versions/9d8c3947781b62b6/files/820c850791eeaef190f4564272c4cbe718a2f8ead4973eeacc12aa8473f3b4c5 200
[debug] [2023-12-02T06:54:59.477Z] <<< [apiv2][body] POST https://upload-firebasehosting.googleapis.com/upload/sites/careersureacademy/versions/9d8c3947781b62b6/files/820c850791eeaef190f4564272c4cbe718a2f8ead4973eeacc12aa8473f3b4c5 [stream]
[debug] [2023-12-02T06:54:59.969Z] <<< [apiv2][status] POST https://upload-firebasehosting.googleapis.com/upload/sites/careersureacademy/versions/9d8c3947781b62b6/files/aff3449bdc238776f5d6d967f19ec491b36aed5fb7f23ccff6500736fd58494a 200
[debug] [2023-12-02T06:54:59.970Z] <<< [apiv2][body] POST https://upload-firebasehosting.googleapis.com/upload/sites/careersureacademy/versions/9d8c3947781b62b6/files/aff3449bdc238776f5d6d967f19ec491b36aed5fb7f23ccff6500736fd58494a [stream]
[debug] [2023-12-02T06:55:00.195Z] <<< [apiv2][status] POST https://upload-firebasehosting.googleapis.com/upload/sites/careersureacademy/versions/9d8c3947781b62b6/files/ee7e2f3fdb8209c4b6fd7bef6ba50d1b9dba30a25bb5c3126df057e1cb6f5331 200
[debug] [2023-12-02T06:55:00.199Z] <<< [apiv2][body] POST https://upload-firebasehosting.googleapis.com/upload/sites/careersureacademy/versions/9d8c3947781b62b6/files/ee7e2f3fdb8209c4b6fd7bef6ba50d1b9dba30a25bb5c3126df057e1cb6f5331 [stream]
[debug] [2023-12-02T06:55:00.204Z] [hosting][upload queue][FINAL] {"max":2638,"min":1766,"avg":2071.5,"active":0,"complete":6,"success":6,"errored":0,"retried":0,"total":6,"elapsed":2661}
[info] +  hosting[careersureacademy]: file upload complete 
[debug] [2023-12-02T06:55:00.293Z] [hosting] deploy completed after 4337ms
[debug] [2023-12-02T06:55:00.295Z] [
  {
    "config": {
      "public": "public",
      "ignore": [
        "firebase.json",
        "**/.*",
        "**/node_modules/**"
      ],
      "site": "careersureacademy"
    },
    "version": "projects/599913053555/sites/careersureacademy/versions/9d8c3947781b62b6"
  }
]
[info] i  hosting[careersureacademy]: finalizing version... 
[debug] [2023-12-02T06:55:00.343Z] >>> [apiv2][query] PATCH https://firebasehosting.googleapis.com/v1beta1/projects/-/sites/careersureacademy/versions/9d8c3947781b62b6 updateMask=status%2Cconfig
[debug] [2023-12-02T06:55:00.344Z] >>> [apiv2][body] PATCH https://firebasehosting.googleapis.com/v1beta1/projects/-/sites/careersureacademy/versions/9d8c3947781b62b6 {"status":"FINALIZED","config":{}}
[debug] [2023-12-02T06:55:01.357Z] <<< [apiv2][status] PATCH https://firebasehosting.googleapis.com/v1beta1/projects/-/sites/careersureacademy/versions/9d8c3947781b62b6 200
[debug] [2023-12-02T06:55:01.358Z] <<< [apiv2][body] PATCH https://firebasehosting.googleapis.com/v1beta1/projects/-/sites/careersureacademy/versions/9d8c3947781b62b6 {"name":"projects/599913053555/sites/careersureacademy/versions/9d8c3947781b62b6","status":"FINALIZED","config":{},"labels":{"deployment-tool":"cli-firebase"},"createTime":"2023-12-02T06:54:55.952208Z","createUser":{"email":"careersureacademypayments@gmail.com"},"finalizeTime":"2023-12-02T06:55:01.680149Z","finalizeUser":{"email":"careersureacademypayments@gmail.com"}}
[debug] [2023-12-02T06:55:01.359Z] [hosting] finalized version for careersureacademy:[object Object]
[info] +  hosting[careersureacademy]: version finalized 
[info] i  hosting[careersureacademy]: releasing new version... 
[debug] [2023-12-02T06:55:01.375Z] >>> [apiv2][query] POST https://firebasehosting.googleapis.com/v1beta1/projects/-/sites/careersureacademy/channels/live/releases versionName=projects%2F599913053555%2Fsites%2Fcareersureacademy%2Fversions%2F9d8c3947781b62b6
[debug] [2023-12-02T06:55:01.376Z] >>> [apiv2][body] POST https://firebasehosting.googleapis.com/v1beta1/projects/-/sites/careersureacademy/channels/live/releases {}
[debug] [2023-12-02T06:55:02.489Z] <<< [apiv2][status] POST https://firebasehosting.googleapis.com/v1beta1/projects/-/sites/careersureacademy/channels/live/releases 200
[debug] [2023-12-02T06:55:02.490Z] <<< [apiv2][body] POST https://firebasehosting.googleapis.com/v1beta1/projects/-/sites/careersureacademy/channels/live/releases {"name":"projects/599913053555/sites/careersureacademy/channels/live/releases/1701500102229000","version":{"name":"projects/599913053555/sites/careersureacademy/versions/9d8c3947781b62b6","status":"FINALIZED","config":{},"labels":{"deployment-tool":"cli-firebase"},"createTime":"2023-12-02T06:54:55.952208Z","createUser":{"email":"careersureacademypayments@gmail.com","imageUrl":"https://lh3.googleusercontent.com/a/ACg8ocLE8NqI3L6Wh-1S2daLLGaE6Xf0Fal2jMO8kMxnljxZ=mo"},"finalizeTime":"2023-12-02T06:55:01.680149Z","finalizeUser":{"email":"careersureacademypayments@gmail.com","imageUrl":"https://lh3.googleusercontent.com/a/ACg8ocLE8NqI3L6Wh-1S2daLLGaE6Xf0Fal2jMO8kMxnljxZ=mo"}},"type":"DEPLOY","releaseTime":"2023-12-02T06:55:02.229Z","releaseUser":{"email":"careersureacademypayments@gmail.com","imageUrl":"https://lh3.googleusercontent.com/a/ACg8ocLE8NqI3L6Wh-1S2daLLGaE6Xf0Fal2jMO8kMxnljxZ=mo"}}
[debug] [2023-12-02T06:55:02.491Z] [hosting] release: {"name":"projects/599913053555/sites/careersureacademy/channels/live/releases/1701500102229000","version":{"name":"projects/599913053555/sites/careersureacademy/versions/9d8c3947781b62b6","status":"FINALIZED","config":{},"labels":{"deployment-tool":"cli-firebase"},"createTime":"2023-12-02T06:54:55.952208Z","createUser":{"email":"careersureacademypayments@gmail.com","imageUrl":"https://lh3.googleusercontent.com/a/ACg8ocLE8NqI3L6Wh-1S2daLLGaE6Xf0Fal2jMO8kMxnljxZ=mo"},"finalizeTime":"2023-12-02T06:55:01.680149Z","finalizeUser":{"email":"careersureacademypayments@gmail.com","imageUrl":"https://lh3.googleusercontent.com/a/ACg8ocLE8NqI3L6Wh-1S2daLLGaE6Xf0Fal2jMO8kMxnljxZ=mo"}},"type":"DEPLOY","releaseTime":"2023-12-02T06:55:02.229Z","releaseUser":{"email":"careersureacademypayments@gmail.com","imageUrl":"https://lh3.googleusercontent.com/a/ACg8ocLE8NqI3L6Wh-1S2daLLGaE6Xf0Fal2jMO8kMxnljxZ=mo"}}
[info] +  hosting[careersureacademy]: release complete 
